poller error: fetch failed
poller error: fetch failed
poller error: fetch failed
poller error: fetch failed
poller error: fetch failed
env: node: No such file or directory
poller error: ENOSPC: no space left on device, open '/Users/MarshallHuff/New General/client-hub/worker/.lock'
poller error: fetch failed
poller error: fetch failed
poller error: fetch failed
poller error: fetch failed
poller error: fetch failed
poller error: fetch failed
poller error: fetch failed
poller error: fetch failed
poller error: fetch failed
poller error: fetch failed
poller error: fetch failed
poller error: fetch failed
poller error: fetch failed
2026-06-20T09:26:19.298Z worker paused: low disk (1986 MB free); flagged 0 request(s) for retry
2026-06-20T09:31:22.344Z worker paused: low disk (2040 MB free); flagged 0 request(s) for retry
2026-06-20T09:36:25.557Z worker paused: low disk (1886 MB free); flagged 0 request(s) for retry
2026-06-20T09:41:28.644Z worker paused: low disk (1830 MB free); flagged 0 request(s) for retry
2026-06-20T09:46:31.403Z worker paused: low disk (1718 MB free); flagged 0 request(s) for retry
2026-06-20T09:51:34.693Z worker paused: low disk (1658 MB free); flagged 0 request(s) for retry
2026-06-20T09:56:37.796Z worker paused: low disk (1663 MB free); flagged 0 request(s) for retry
2026-06-20T10:01:41.773Z worker paused: low disk (1381 MB free); flagged 0 request(s) for retry
2026-06-20T10:06:47.722Z worker paused: low disk (1449 MB free); flagged 0 request(s) for retry
2026-06-20T10:11:50.817Z worker paused: low disk (1459 MB free); flagged 0 request(s) for retry
2026-06-20T10:16:54.033Z worker paused: low disk (1379 MB free); flagged 0 request(s) for retry
2026-06-20T10:21:56.883Z worker paused: low disk (1314 MB free); flagged 0 request(s) for retry
2026-06-20T10:27:01.284Z worker paused: low disk (1163 MB free); flagged 0 request(s) for retry
2026-06-20T10:32:04.869Z worker paused: low disk (1174 MB free); flagged 0 request(s) for retry
2026-06-20T10:37:10.590Z worker paused: low disk (825 MB free); flagged 0 request(s) for retry
2026-06-20T10:42:15.050Z worker paused: low disk (972 MB free); flagged 0 request(s) for retry
2026-06-20T10:47:18.629Z worker paused: low disk (988 MB free); flagged 0 request(s) for retry
2026-06-20T10:52:22.180Z worker paused: low disk (984 MB free); flagged 0 request(s) for retry
2026-06-20T10:57:25.085Z worker paused: low disk (980 MB free); flagged 0 request(s) for retry
2026-06-20T11:02:28.755Z worker paused: low disk (991 MB free); flagged 0 request(s) for retry
2026-06-20T11:07:31.710Z worker paused: low disk (985 MB free); flagged 0 request(s) for retry
2026-06-20T11:12:43.970Z worker paused: low disk (996 MB free); flagged 0 request(s) for retry
2026-06-20T11:17:48.553Z worker paused: low disk (991 MB free); flagged 0 request(s) for retry
2026-06-20T11:22:52.697Z worker paused: low disk (1002 MB free); flagged 0 request(s) for retry
2026-06-20T11:27:55.514Z worker paused: low disk (1000 MB free); flagged 0 request(s) for retry
2026-06-20T11:32:58.862Z worker paused: low disk (999 MB free); flagged 0 request(s) for retry
2026-06-20T11:38:01.677Z worker paused: low disk (996 MB free); flagged 0 request(s) for retry
2026-06-20T11:43:05.075Z worker paused: low disk (1000 MB free); flagged 0 request(s) for retry
2026-06-20T11:48:09.448Z worker paused: low disk (992 MB free); flagged 0 request(s) for retry
2026-06-20T11:53:12.710Z worker paused: low disk (961 MB free); flagged 0 request(s) for retry
2026-06-20T11:58:16.021Z worker paused: low disk (981 MB free); flagged 0 request(s) for retry
2026-06-20T12:03:18.785Z worker paused: low disk (980 MB free); flagged 0 request(s) for retry
2026-06-20T12:08:22.295Z worker paused: low disk (975 MB free); flagged 0 request(s) for retry
2026-06-20T12:13:26.085Z worker paused: low disk (967 MB free); flagged 0 request(s) for retry
2026-06-20T12:18:29.449Z worker paused: low disk (975 MB free); flagged 0 request(s) for retry
2026-06-20T12:23:32.657Z worker paused: low disk (971 MB free); flagged 0 request(s) for retry
2026-06-20T12:28:35.395Z worker paused: low disk (968 MB free); flagged 0 request(s) for retry
2026-06-20T12:33:40.223Z worker paused: low disk (968 MB free); flagged 0 request(s) for retry
2026-06-20T12:38:43.372Z worker paused: low disk (969 MB free); flagged 0 request(s) for retry
2026-06-20T12:43:46.574Z worker paused: low disk (965 MB free); flagged 0 request(s) for retry
2026-06-20T12:48:49.892Z worker paused: low disk (999 MB free); flagged 0 request(s) for retry
2026-06-20T12:53:54.925Z worker paused: low disk (997 MB free); flagged 0 request(s) for retry
2026-06-20T12:58:58.311Z worker paused: low disk (1001 MB free); flagged 0 request(s) for retry
2026-06-20T13:04:02.401Z worker paused: low disk (965 MB free); flagged 0 request(s) for retry
2026-06-20T13:09:05.315Z worker paused: low disk (942 MB free); flagged 0 request(s) for retry
2026-06-20T13:14:10.040Z worker paused: low disk (995 MB free); flagged 0 request(s) for retry
2026-06-20T13:19:13.189Z worker paused: low disk (995 MB free); flagged 0 request(s) for retry
2026-06-20T13:24:16.616Z worker paused: low disk (1002 MB free); flagged 0 request(s) for retry
2026-06-20T13:29:19.821Z worker paused: low disk (941 MB free); flagged 0 request(s) for retry
2026-06-20T13:34:24.620Z worker paused: low disk (911 MB free); flagged 0 request(s) for retry
2026-06-20T13:39:28.389Z worker paused: low disk (935 MB free); flagged 0 request(s) for retry
2026-06-20T13:44:32.349Z worker paused: low disk (929 MB free); flagged 0 request(s) for retry
2026-06-20T13:49:38.293Z worker paused: low disk (919 MB free); flagged 0 request(s) for retry
2026-06-20T13:54:41.991Z worker paused: low disk (920 MB free); flagged 0 request(s) for retry
2026-06-20T13:59:45.342Z worker paused: low disk (922 MB free); flagged 0 request(s) for retry
2026-06-20T14:04:48.848Z worker paused: low disk (610 MB free); flagged 0 request(s) for retry
2026-06-20T14:09:52.466Z worker paused: low disk (915 MB free); flagged 0 request(s) for retry
2026-06-20T14:15:08.966Z worker paused: low disk (915 MB free); flagged 0 request(s) for retry
2026-06-20T14:20:11.570Z worker paused: low disk (911 MB free); flagged 0 request(s) for retry
2026-06-20T14:25:15.340Z worker paused: low disk (908 MB free); flagged 0 request(s) for retry
2026-06-20T14:30:20.522Z worker paused: low disk (915 MB free); flagged 0 request(s) for retry
2026-06-20T14:35:23.729Z worker paused: low disk (868 MB free); flagged 0 request(s) for retry
2026-06-20T14:40:27.199Z worker paused: low disk (869 MB free); flagged 0 request(s) for retry
2026-06-20T14:45:31.174Z worker paused: low disk (922 MB free); flagged 0 request(s) for retry
2026-06-20T14:50:34.188Z worker paused: low disk (923 MB free); flagged 0 request(s) for retry
2026-06-20T14:55:37.489Z worker paused: low disk (920 MB free); flagged 0 request(s) for retry
2026-06-20T15:00:40.862Z worker paused: low disk (918 MB free); flagged 0 request(s) for retry
2026-06-20T15:05:43.790Z worker paused: low disk (871 MB free); flagged 0 request(s) for retry
2026-06-20T15:10:47.234Z worker paused: low disk (868 MB free); flagged 0 request(s) for retry
2026-06-20T15:15:51.049Z worker paused: low disk (874 MB free); flagged 0 request(s) for retry
2026-06-20T15:20:54.304Z worker paused: low disk (878 MB free); flagged 0 request(s) for retry
2026-06-20T15:25:58.358Z worker paused: low disk (882 MB free); flagged 0 request(s) for retry
2026-06-20T15:31:01.681Z worker paused: low disk (884 MB free); flagged 0 request(s) for retry
2026-06-20T15:36:05.403Z worker paused: low disk (876 MB free); flagged 0 request(s) for retry
2026-06-20T15:41:07.920Z worker paused: low disk (872 MB free); flagged 0 request(s) for retry
2026-06-20T15:46:27.241Z worker paused: low disk (867 MB free); flagged 0 request(s) for retry
2026-06-20T15:51:30.390Z worker paused: low disk (916 MB free); flagged 0 request(s) for retry
2026-06-20T15:56:34.662Z worker paused: low disk (914 MB free); flagged 0 request(s) for retry
2026-06-20T16:01:38.204Z worker paused: low disk (909 MB free); flagged 0 request(s) for retry
2026-06-20T16:06:42.015Z worker paused: low disk (855 MB free); flagged 0 request(s) for retry
2026-06-20T16:11:45.050Z worker paused: low disk (851 MB free); flagged 0 request(s) for retry
2026-06-20T16:16:48.812Z worker paused: low disk (832 MB free); flagged 0 request(s) for retry
2026-06-20T16:21:52.182Z worker paused: low disk (830 MB free); flagged 0 request(s) for retry
2026-06-20T16:28:28.449Z worker paused: low disk (874 MB free); flagged 0 request(s) for retry
2026-06-20T16:33:31.517Z worker paused: low disk (879 MB free); flagged 0 request(s) for retry
2026-06-20T16:38:46.133Z worker paused: low disk (879 MB free); flagged 0 request(s) for retry
2026-06-20T16:43:48.898Z worker paused: low disk (879 MB free); flagged 0 request(s) for retry
2026-06-20T16:48:52.019Z worker paused: low disk (877 MB free); flagged 0 request(s) for retry
2026-06-20T16:53:55.173Z worker paused: low disk (884 MB free); flagged 0 request(s) for retry
2026-06-20T16:58:58.347Z worker paused: low disk (874 MB free); flagged 0 request(s) for retry
2026-06-20T17:04:01.968Z worker paused: low disk (831 MB free); flagged 0 request(s) for retry
2026-06-20T17:09:06.543Z worker paused: low disk (826 MB free); flagged 0 request(s) for retry
2026-06-20T17:14:10.042Z worker paused: low disk (819 MB free); flagged 0 request(s) for retry
2026-06-20T17:19:13.231Z worker paused: low disk (809 MB free); flagged 0 request(s) for retry
2026-06-20T17:24:17.210Z worker paused: low disk (796 MB free); flagged 0 request(s) for retry
2026-06-20T17:29:20.779Z worker paused: low disk (785 MB free); flagged 0 request(s) for retry
2026-06-20T17:34:23.737Z worker paused: low disk (847 MB free); flagged 0 request(s) for retry
2026-06-20T17:39:28.754Z worker paused: low disk (843 MB free); flagged 0 request(s) for retry
2026-06-20T17:44:31.820Z worker paused: low disk (840 MB free); flagged 0 request(s) for retry
2026-06-20T17:49:34.447Z worker paused: low disk (848 MB free); flagged 0 request(s) for retry
2026-06-20T17:54:37.979Z worker paused: low disk (851 MB free); flagged 0 request(s) for retry
2026-06-20T17:59:40.946Z worker paused: low disk (851 MB free); flagged 0 request(s) for retry
2026-06-20T18:04:43.682Z worker paused: low disk (809 MB free); flagged 0 request(s) for retry
2026-06-20T18:09:46.499Z worker paused: low disk (805 MB free); flagged 0 request(s) for retry
2026-06-20T18:14:49.634Z worker paused: low disk (808 MB free); flagged 0 request(s) for retry
2026-06-20T18:19:52.054Z worker paused: low disk (806 MB free); flagged 0 request(s) for retry
2026-06-20T18:24:56.174Z worker paused: low disk (812 MB free); flagged 0 request(s) for retry
2026-06-20T18:29:58.737Z worker paused: low disk (812 MB free); flagged 0 request(s) for retry
2026-06-20T18:35:02.214Z worker paused: low disk (707 MB free); flagged 0 request(s) for retry
2026-06-20T18:40:05.232Z worker paused: low disk (699 MB free); flagged 0 request(s) for retry
2026-06-20T18:45:09.566Z worker paused: low disk (752 MB free); flagged 0 request(s) for retry
2026-06-20T18:50:13.349Z worker paused: low disk (757 MB free); flagged 0 request(s) for retry
2026-06-20T18:55:16.292Z worker paused: low disk (753 MB free); flagged 0 request(s) for retry
2026-06-20T19:00:20.237Z worker paused: low disk (754 MB free); flagged 0 request(s) for retry
2026-06-20T19:05:23.292Z worker paused: low disk (708 MB free); flagged 0 request(s) for retry
2026-06-20T19:10:26.185Z worker paused: low disk (704 MB free); flagged 0 request(s) for retry
2026-06-20T19:15:28.851Z worker paused: low disk (705 MB free); flagged 0 request(s) for retry
2026-06-20T19:20:31.396Z worker paused: low disk (701 MB free); flagged 0 request(s) for retry
2026-06-20T19:25:34.723Z worker paused: low disk (711 MB free); flagged 0 request(s) for retry
2026-06-20T19:30:38.410Z worker paused: low disk (706 MB free); flagged 0 request(s) for retry
2026-06-20T19:35:41.346Z worker paused: low disk (694 MB free); flagged 0 request(s) for retry
2026-06-20T19:40:44.078Z worker paused: low disk (681 MB free); flagged 0 request(s) for retry
2026-06-20T19:45:47.002Z worker paused: low disk (675 MB free); flagged 0 request(s) for retry
2026-06-20T19:50:51.136Z worker paused: low disk (724 MB free); flagged 0 request(s) for retry
2026-06-20T19:55:54.593Z worker paused: low disk (729 MB free); flagged 0 request(s) for retry
2026-06-20T20:00:57.439Z worker paused: low disk (724 MB free); flagged 0 request(s) for retry
2026-06-20T20:06:00.383Z worker paused: low disk (670 MB free); flagged 0 request(s) for retry
2026-06-20T20:11:03.750Z worker paused: low disk (668 MB free); flagged 0 request(s) for retry
2026-06-20T20:16:07.092Z worker paused: low disk (665 MB free); flagged 0 request(s) for retry
2026-06-20T20:21:11.658Z worker paused: low disk (667 MB free); flagged 0 request(s) for retry
2026-06-20T20:26:14.522Z worker paused: low disk (635 MB free); flagged 0 request(s) for retry
2026-06-20T20:31:18.043Z worker paused: low disk (631 MB free); flagged 0 request(s) for retry
2026-06-20T20:36:21.582Z worker paused: low disk (633 MB free); flagged 0 request(s) for retry
2026-06-20T20:41:24.813Z worker paused: low disk (627 MB free); flagged 0 request(s) for retry
2026-06-20T20:46:27.707Z worker paused: low disk (624 MB free); flagged 0 request(s) for retry
2026-06-20T20:51:31.013Z worker paused: low disk (628 MB free); flagged 0 request(s) for retry
2026-06-20T20:56:34.056Z worker paused: low disk (675 MB free); flagged 0 request(s) for retry
2026-06-20T21:01:37.473Z worker paused: low disk (671 MB free); flagged 0 request(s) for retry
2026-06-20T21:06:40.930Z worker paused: low disk (626 MB free); flagged 0 request(s) for retry
2026-06-20T21:11:43.697Z worker paused: low disk (628 MB free); flagged 0 request(s) for retry
2026-06-20T21:16:46.379Z worker paused: low disk (622 MB free); flagged 0 request(s) for retry
2026-06-20T21:21:49.403Z worker paused: low disk (612 MB free); flagged 0 request(s) for retry
2026-06-20T21:26:52.711Z worker paused: low disk (607 MB free); flagged 0 request(s) for retry
2026-06-20T21:32:01.508Z worker paused: low disk (613 MB free); flagged 0 request(s) for retry
2026-06-20T21:37:04.487Z worker paused: low disk (601 MB free); flagged 0 request(s) for retry
2026-06-20T21:42:07.222Z worker paused: low disk (602 MB free); flagged 0 request(s) for retry
2026-06-20T21:47:10.433Z worker paused: low disk (598 MB free); flagged 0 request(s) for retry
2026-06-20T21:52:13.788Z worker paused: low disk (611 MB free); flagged 0 request(s) for retry
2026-06-20T21:57:16.274Z worker paused: low disk (604 MB free); flagged 0 request(s) for retry
2026-06-20T22:02:19.670Z worker paused: low disk (658 MB free); flagged 0 request(s) for retry
2026-06-20T22:07:22.887Z worker paused: low disk (658 MB free); flagged 0 request(s) for retry
2026-06-20T22:12:25.845Z worker paused: low disk (657 MB free); flagged 0 request(s) for retry
2026-06-20T22:17:28.436Z worker paused: low disk (665 MB free); flagged 0 request(s) for retry
2026-06-20T22:22:31.544Z worker paused: low disk (656 MB free); flagged 0 request(s) for retry
2026-06-20T22:27:35.434Z worker paused: low disk (653 MB free); flagged 0 request(s) for retry
2026-06-20T22:32:39.829Z worker paused: low disk (650 MB free); flagged 0 request(s) for retry
2026-06-20T22:37:42.858Z worker paused: low disk (602 MB free); flagged 0 request(s) for retry
2026-06-20T22:42:46.343Z worker paused: low disk (609 MB free); flagged 0 request(s) for retry
2026-06-20T22:47:50.001Z worker paused: low disk (607 MB free); flagged 0 request(s) for retry
2026-06-20T22:52:52.810Z worker paused: low disk (602 MB free); flagged 0 request(s) for retry
2026-06-20T22:57:55.850Z worker paused: low disk (598 MB free); flagged 0 request(s) for retry
2026-06-20T23:02:58.949Z worker paused: low disk (594 MB free); flagged 0 request(s) for retry
2026-06-20T23:08:02.330Z worker paused: low disk (638 MB free); flagged 0 request(s) for retry
2026-06-20T23:13:05.605Z worker paused: low disk (640 MB free); flagged 0 request(s) for retry
2026-06-20T23:18:08.550Z worker paused: low disk (636 MB free); flagged 0 request(s) for retry
2026-06-20T23:23:11.685Z worker paused: low disk (633 MB free); flagged 0 request(s) for retry
2026-06-20T23:28:15.009Z worker paused: low disk (631 MB free); flagged 0 request(s) for retry
2026-06-20T23:33:17.860Z worker paused: low disk (609 MB free); flagged 0 request(s) for retry
2026-06-20T23:38:23.568Z worker paused: low disk (585 MB free); flagged 0 request(s) for retry
2026-06-20T23:43:26.566Z worker paused: low disk (588 MB free); flagged 0 request(s) for retry
2026-06-20T23:48:29.625Z worker paused: low disk (587 MB free); flagged 0 request(s) for retry
2026-06-20T23:53:32.355Z worker paused: low disk (585 MB free); flagged 0 request(s) for retry
2026-06-20T23:58:35.255Z worker paused: low disk (593 MB free); flagged 0 request(s) for retry
2026-06-21T00:03:38.672Z worker paused: low disk (584 MB free); flagged 0 request(s) for retry
2026-06-21T00:08:42.656Z worker paused: low disk (570 MB free); flagged 0 request(s) for retry
2026-06-21T00:13:45.817Z worker paused: low disk (625 MB free); flagged 0 request(s) for retry
2026-06-21T00:18:49.763Z worker paused: low disk (632 MB free); flagged 0 request(s) for retry
2026-06-21T00:23:52.875Z worker paused: low disk (628 MB free); flagged 0 request(s) for retry
2026-06-21T00:28:55.713Z worker paused: low disk (621 MB free); flagged 0 request(s) for retry
2026-06-21T00:33:59.663Z worker paused: low disk (612 MB free); flagged 0 request(s) for retry
2026-06-21T00:39:02.865Z worker paused: low disk (571 MB free); flagged 0 request(s) for retry
2026-06-21T00:44:05.449Z worker paused: low disk (568 MB free); flagged 0 request(s) for retry
2026-06-21T00:49:08.088Z worker paused: low disk (565 MB free); flagged 0 request(s) for retry
2026-06-21T00:54:10.879Z worker paused: low disk (565 MB free); flagged 0 request(s) for retry
2026-06-21T00:59:14.413Z worker paused: low disk (569 MB free); flagged 0 request(s) for retry
2026-06-21T01:04:17.692Z worker paused: low disk (575 MB free); flagged 0 request(s) for retry
2026-06-21T01:09:20.357Z worker paused: low disk (576 MB free); flagged 0 request(s) for retry
2026-06-21T01:14:22.876Z worker paused: low disk (574 MB free); flagged 0 request(s) for retry
2026-06-21T01:19:26.428Z worker paused: low disk (624 MB free); flagged 0 request(s) for retry
2026-06-21T01:24:29.688Z worker paused: low disk (619 MB free); flagged 0 request(s) for retry
2026-06-21T01:29:32.476Z worker paused: low disk (618 MB free); flagged 0 request(s) for retry
2026-06-21T01:34:35.446Z worker paused: low disk (571 MB free); flagged 0 request(s) for retry
2026-06-21T01:39:40.253Z worker paused: low disk (562 MB free); flagged 0 request(s) for retry
2026-06-21T01:44:43.516Z worker paused: low disk (564 MB free); flagged 0 request(s) for retry
2026-06-21T01:51:46.165Z worker paused: low disk (561 MB free); flagged 0 request(s) for retry
2026-06-21T01:56:52.701Z worker paused: low disk (784 MB free); flagged 0 request(s) for retry
2026-06-21T02:01:56.382Z worker paused: low disk (922 MB free); flagged 0 request(s) for retry
2026-06-21T02:06:59.529Z worker paused: low disk (920 MB free); flagged 0 request(s) for retry
2026-06-21T02:12:03.616Z worker paused: low disk (893 MB free); flagged 0 request(s) for retry
2026-06-21T02:17:07.068Z worker paused: low disk (903 MB free); flagged 0 request(s) for retry
2026-06-21T11:58:58.381Z worker paused: low disk (868 MB free); flagged 0 request(s) for retry
2026-06-21T13:27:00.624Z worker paused: low disk (844 MB free); flagged 0 request(s) for retry
2026-06-21T13:32:03.836Z worker paused: low disk (843 MB free); flagged 0 request(s) for retry
2026-06-21T13:37:07.241Z worker paused: low disk (849 MB free); flagged 0 request(s) for retry
2026-06-21T13:42:11.204Z worker paused: low disk (845 MB free); flagged 0 request(s) for retry
2026-06-21T13:47:15.286Z worker paused: low disk (853 MB free); flagged 0 request(s) for retry
2026-06-21T13:52:18.241Z worker paused: low disk (853 MB free); flagged 0 request(s) for retry
2026-06-21T13:57:21.503Z worker paused: low disk (846 MB free); flagged 0 request(s) for retry
2026-06-22T17:49:04.040Z worker paused: low disk (1141 MB free); flagged 0 request(s) for retry
2026-06-22T17:54:07.884Z worker paused: low disk (617 MB free); flagged 0 request(s) for retry
2026-06-22T17:59:11.223Z worker paused: low disk (617 MB free); flagged 0 request(s) for retry
2026-06-22T18:04:14.631Z worker paused: low disk (353 MB free); flagged 0 request(s) for retry
2026-06-22T18:09:18.714Z worker paused: low disk (367 MB free); flagged 0 request(s) for retry
2026-06-22T18:14:23.836Z worker paused: low disk (1147 MB free); flagged 0 request(s) for retry
2026-06-22T18:19:28.067Z worker paused: low disk (1060 MB free); flagged 0 request(s) for retry
2026-06-22T18:24:31.226Z worker paused: low disk (1168 MB free); flagged 0 request(s) for retry
2026-06-22T18:29:34.732Z worker paused: low disk (1212 MB free); flagged 0 request(s) for retry
2026-06-22T18:34:40.124Z worker paused: low disk (1204 MB free); flagged 0 request(s) for retry
2026-06-22T18:39:48.445Z worker paused: low disk (1200 MB free); flagged 0 request(s) for retry
2026-06-22T18:44:52.122Z worker paused: low disk (1148 MB free); flagged 0 request(s) for retry
2026-06-22T18:49:56.775Z worker paused: low disk (1231 MB free); flagged 0 request(s) for retry
2026-06-22T18:55:00.279Z worker paused: low disk (1232 MB free); flagged 0 request(s) for retry
2026-06-22T19:00:03.934Z worker paused: low disk (1234 MB free); flagged 0 request(s) for retry
2026-06-22T19:05:07.332Z worker paused: low disk (1218 MB free); flagged 0 request(s) for retry
2026-06-22T19:10:11.620Z worker paused: low disk (1198 MB free); flagged 0 request(s) for retry
2026-06-22T19:15:15.305Z worker paused: low disk (1214 MB free); flagged 0 request(s) for retry
2026-06-22T19:20:19.329Z worker paused: low disk (1219 MB free); flagged 0 request(s) for retry
2026-06-22T19:25:23.993Z worker paused: low disk (1216 MB free); flagged 0 request(s) for retry
2026-06-22T19:38:18.312Z worker paused: low disk (501 MB free); flagged 0 request(s) for retry
2026-06-23T14:23:38.766Z worker paused: low disk (1510 MB free); flagged 0 request(s) for retry
2026-06-23T14:28:44.810Z worker paused: low disk (1509 MB free); flagged 0 request(s) for retry
2026-06-23T14:33:50.065Z worker paused: low disk (1526 MB free); flagged 0 request(s) for retry
2026-06-23T14:38:55.579Z worker paused: low disk (1503 MB free); flagged 0 request(s) for retry
2026-06-23T14:44:00.298Z worker paused: low disk (1481 MB free); flagged 0 request(s) for retry
2026-06-23T14:49:05.143Z worker paused: low disk (1464 MB free); flagged 0 request(s) for retry
2026-06-23T14:54:08.373Z worker paused: low disk (1459 MB free); flagged 0 request(s) for retry
2026-06-23T14:59:11.851Z worker paused: low disk (1458 MB free); flagged 0 request(s) for retry
2026-06-23T15:04:15.471Z worker paused: low disk (1458 MB free); flagged 0 request(s) for retry
2026-06-23T15:09:20.592Z worker paused: low disk (1455 MB free); flagged 0 request(s) for retry
2026-06-23T15:14:24.121Z worker paused: low disk (421 MB free); flagged 0 request(s) for retry
2026-06-23T15:19:28.705Z worker paused: low disk (432 MB free); flagged 0 request(s) for retry
2026-06-23T15:24:31.633Z worker paused: low disk (437 MB free); flagged 0 request(s) for retry
2026-06-23T15:29:35.054Z worker paused: low disk (430 MB free); flagged 0 request(s) for retry
2026-06-23T15:34:38.247Z worker paused: low disk (431 MB free); flagged 0 request(s) for retry
2026-06-23T15:39:42.362Z worker paused: low disk (430 MB free); flagged 0 request(s) for retry
2026-06-23T15:44:46.487Z worker paused: low disk (426 MB free); flagged 0 request(s) for retry
2026-06-23T15:50:06.979Z worker paused: low disk (388 MB free); flagged 0 request(s) for retry
2026-06-23T15:55:10.303Z worker paused: low disk (387 MB free); flagged 0 request(s) for retry
2026-06-23T16:00:13.737Z worker paused: low disk (388 MB free); flagged 0 request(s) for retry
2026-06-23T16:05:17.487Z worker paused: low disk (385 MB free); flagged 0 request(s) for retry
2026-06-23T16:10:20.853Z worker paused: low disk (381 MB free); flagged 0 request(s) for retry
2026-06-23T16:15:24.145Z worker paused: low disk (385 MB free); flagged 0 request(s) for retry
2026-06-23T16:20:28.068Z worker paused: low disk (397 MB free); flagged 0 request(s) for retry
2026-06-23T16:25:31.942Z worker paused: low disk (449 MB free); flagged 0 request(s) for retry
2026-06-23T16:30:35.619Z worker paused: low disk (443 MB free); flagged 0 request(s) for retry
2026-06-23T16:35:39.924Z worker paused: low disk (443 MB free); flagged 0 request(s) for retry
2026-06-23T16:40:44.246Z worker paused: low disk (439 MB free); flagged 0 request(s) for retry
2026-06-23T16:45:48.403Z worker paused: low disk (448 MB free); flagged 0 request(s) for retry
2026-06-23T16:50:51.942Z worker paused: low disk (398 MB free); flagged 0 request(s) for retry
2026-06-23T16:55:56.342Z worker paused: low disk (386 MB free); flagged 0 request(s) for retry
2026-06-23T17:01:00.372Z worker paused: low disk (387 MB free); flagged 0 request(s) for retry
2026-06-23T17:06:04.449Z worker paused: low disk (393 MB free); flagged 0 request(s) for retry
2026-06-23T17:11:08.868Z worker paused: low disk (389 MB free); flagged 0 request(s) for retry
2026-06-23T17:16:12.519Z worker paused: low disk (388 MB free); flagged 0 request(s) for retry
2026-06-23T17:21:18.622Z worker paused: low disk (425 MB free); flagged 0 request(s) for retry
2026-06-23T17:26:22.074Z worker paused: low disk (423 MB free); flagged 0 request(s) for retry
2026-06-23T17:31:27.666Z worker paused: low disk (421 MB free); flagged 0 request(s) for retry
2026-06-23T17:36:31.362Z worker paused: low disk (422 MB free); flagged 0 request(s) for retry
2026-06-23T17:41:35.808Z worker paused: low disk (420 MB free); flagged 0 request(s) for retry
2026-06-23T17:46:38.942Z worker paused: low disk (415 MB free); flagged 0 request(s) for retry
2026-06-23T17:51:42.026Z worker paused: low disk (364 MB free); flagged 0 request(s) for retry
2026-06-23T17:56:45.042Z worker paused: low disk (365 MB free); flagged 0 request(s) for retry
2026-06-23T18:01:49.080Z worker paused: low disk (298 MB free); flagged 0 request(s) for retry
2026-06-23T18:07:06.225Z worker paused: low disk (307 MB free); flagged 0 request(s) for retry
2026-06-23T18:12:09.896Z worker paused: low disk (319 MB free); flagged 0 request(s) for retry
2026-06-23T18:17:13.597Z worker paused: low disk (314 MB free); flagged 0 request(s) for retry
2026-06-23T18:22:17.353Z worker paused: low disk (317 MB free); flagged 0 request(s) for retry
2026-06-23T18:27:21.380Z worker paused: low disk (315 MB free); flagged 0 request(s) for retry
2026-06-23T18:32:26.179Z worker paused: low disk (312 MB free); flagged 0 request(s) for retry
2026-06-23T18:37:30.288Z worker paused: low disk (314 MB free); flagged 0 request(s) for retry
2026-06-23T18:42:34.229Z worker paused: low disk (308 MB free); flagged 0 request(s) for retry
2026-06-23T18:47:40.172Z worker paused: low disk (299 MB free); flagged 0 request(s) for retry
2026-06-23T18:52:43.233Z worker paused: low disk (308 MB free); flagged 0 request(s) for retry
2026-06-23T18:57:49.231Z worker paused: low disk (315 MB free); flagged 0 request(s) for retry
2026-06-23T19:02:52.952Z worker paused: low disk (315 MB free); flagged 0 request(s) for retry
2026-06-23T19:07:57.179Z worker paused: low disk (310 MB free); flagged 0 request(s) for retry
2026-06-23T19:13:00.912Z worker paused: low disk (306 MB free); flagged 0 request(s) for retry
2026-06-23T19:18:04.662Z worker paused: low disk (310 MB free); flagged 0 request(s) for retry
2026-06-23T19:23:08.860Z worker paused: low disk (298 MB free); flagged 0 request(s) for retry
2026-06-23T19:28:14.123Z worker paused: low disk (293 MB free); flagged 0 request(s) for retry
2026-06-23T19:33:18.105Z worker paused: low disk (267 MB free); flagged 0 request(s) for retry
2026-06-23T19:38:21.962Z worker paused: low disk (259 MB free); flagged 0 request(s) for retry
2026-06-23T19:43:25.541Z worker paused: low disk (252 MB free); flagged 0 request(s) for retry
2026-06-23T19:48:29.430Z worker paused: low disk (308 MB free); flagged 0 request(s) for retry
2026-06-23T19:53:32.892Z worker paused: low disk (267 MB free); flagged 0 request(s) for retry
2026-06-23T19:58:36.563Z worker paused: low disk (265 MB free); flagged 0 request(s) for retry
2026-06-23T20:03:39.786Z worker paused: low disk (262 MB free); flagged 0 request(s) for retry
2026-06-23T20:08:42.928Z worker paused: low disk (262 MB free); flagged 0 request(s) for retry
2026-06-23T20:13:46.970Z worker paused: low disk (254 MB free); flagged 0 request(s) for retry
2026-06-23T20:18:50.621Z worker paused: low disk (251 MB free); flagged 0 request(s) for retry
2026-06-23T20:23:54.440Z worker paused: low disk (286 MB free); flagged 0 request(s) for retry
2026-06-23T20:28:57.608Z worker paused: low disk (296 MB free); flagged 0 request(s) for retry
2026-06-23T20:34:00.893Z worker paused: low disk (296 MB free); flagged 0 request(s) for retry
2026-06-23T20:39:03.764Z worker paused: low disk (291 MB free); flagged 0 request(s) for retry
2026-06-23T20:44:07.374Z worker paused: low disk (298 MB free); flagged 0 request(s) for retry
2026-06-23T20:49:10.590Z worker paused: low disk (299 MB free); flagged 0 request(s) for retry
2026-06-23T20:54:14.997Z worker paused: low disk (250 MB free); flagged 0 request(s) for retry
2026-06-23T20:59:18.393Z worker paused: low disk (252 MB free); flagged 0 request(s) for retry
2026-06-23T21:04:22.342Z worker paused: low disk (251 MB free); flagged 0 request(s) for retry
2026-06-23T21:09:25.430Z worker paused: low disk (247 MB free); flagged 0 request(s) for retry
2026-06-23T21:14:29.167Z worker paused: low disk (228 MB free); flagged 0 request(s) for retry
2026-06-23T21:19:32.493Z worker paused: low disk (226 MB free); flagged 0 request(s) for retry
2026-06-23T21:24:35.649Z worker paused: low disk (223 MB free); flagged 0 request(s) for retry
2026-06-23T21:29:38.832Z worker paused: low disk (272 MB free); flagged 0 request(s) for retry
2026-06-23T21:34:41.971Z worker paused: low disk (271 MB free); flagged 0 request(s) for retry
2026-06-23T21:39:45.374Z worker paused: low disk (276 MB free); flagged 0 request(s) for retry
2026-06-23T21:44:49.234Z worker paused: low disk (275 MB free); flagged 0 request(s) for retry
2026-06-23T21:49:52.621Z worker paused: low disk (270 MB free); flagged 0 request(s) for retry
2026-06-23T21:54:56.031Z worker paused: low disk (271 MB free); flagged 0 request(s) for retry
2026-06-23T21:59:58.776Z worker paused: low disk (272 MB free); flagged 0 request(s) for retry
2026-06-23T22:05:02.003Z worker paused: low disk (217 MB free); flagged 0 request(s) for retry
2026-06-23T22:10:06.169Z worker paused: low disk (226 MB free); flagged 0 request(s) for retry
2026-06-23T22:40:28.685Z worker paused: low disk (1590 MB free); flagged 0 request(s) for retry
2026-06-23T22:45:32.420Z worker paused: low disk (1588 MB free); flagged 0 request(s) for retry
2026-06-23T22:50:36.264Z worker paused: low disk (1551 MB free); flagged 0 request(s) for retry
2026-06-23T22:55:40.570Z worker paused: low disk (1584 MB free); flagged 0 request(s) for retry
2026-06-23T23:00:44.218Z worker paused: low disk (1584 MB free); flagged 0 request(s) for retry
2026-06-23T23:05:48.130Z worker paused: low disk (1645 MB free); flagged 0 request(s) for retry
2026-06-23T23:10:51.642Z worker paused: low disk (1624 MB free); flagged 0 request(s) for retry
2026-06-23T23:15:54.385Z worker paused: low disk (1621 MB free); flagged 0 request(s) for retry
2026-06-23T23:21:01.243Z worker paused: low disk (1610 MB free); flagged 0 request(s) for retry
2026-06-23T23:26:04.541Z worker paused: low disk (1580 MB free); flagged 0 request(s) for retry
2026-06-23T23:31:08.482Z worker paused: low disk (1581 MB free); flagged 0 request(s) for retry
2026-06-23T23:36:12.224Z worker paused: low disk (1576 MB free); flagged 0 request(s) for retry
2026-06-23T23:41:15.194Z worker paused: low disk (1574 MB free); flagged 0 request(s) for retry
2026-06-23T23:46:18.528Z worker paused: low disk (1573 MB free); flagged 0 request(s) for retry
2026-06-23T23:51:22.406Z worker paused: low disk (1574 MB free); flagged 0 request(s) for retry
2026-06-23T23:56:26.641Z worker paused: low disk (1618 MB free); flagged 0 request(s) for retry
2026-06-24T00:01:31.021Z worker paused: low disk (1619 MB free); flagged 0 request(s) for retry
2026-06-24T00:06:34.513Z worker paused: low disk (919 MB free); flagged 0 request(s) for retry
2026-06-24T00:11:38.416Z worker paused: low disk (902 MB free); flagged 0 request(s) for retry
2026-06-24T00:16:42.104Z worker paused: low disk (901 MB free); flagged 0 request(s) for retry
2026-06-24T00:21:46.145Z worker paused: low disk (905 MB free); flagged 0 request(s) for retry
2026-06-24T00:26:49.414Z worker paused: low disk (905 MB free); flagged 0 request(s) for retry
2026-06-24T00:31:52.430Z worker paused: low disk (914 MB free); flagged 0 request(s) for retry
2026-06-24T00:36:56.336Z worker paused: low disk (910 MB free); flagged 0 request(s) for retry
2026-06-24T00:41:59.184Z worker paused: low disk (909 MB free); flagged 0 request(s) for retry
2026-06-24T00:47:02.370Z worker paused: low disk (911 MB free); flagged 0 request(s) for retry
2026-06-24T00:52:05.518Z worker paused: low disk (844 MB free); flagged 0 request(s) for retry
2026-06-24T00:57:09.402Z worker paused: low disk (848 MB free); flagged 0 request(s) for retry
2026-06-24T01:02:13.594Z worker paused: low disk (845 MB free); flagged 0 request(s) for retry
2026-06-24T01:07:17.321Z worker paused: low disk (916 MB free); flagged 0 request(s) for retry
2026-06-24T01:12:21.322Z worker paused: low disk (909 MB free); flagged 0 request(s) for retry
2026-06-24T01:17:24.320Z worker paused: low disk (919 MB free); flagged 0 request(s) for retry
2026-06-24T01:22:35.555Z worker paused: low disk (863 MB free); flagged 0 request(s) for retry
2026-06-24T01:27:39.421Z worker paused: low disk (827 MB free); flagged 0 request(s) for retry
2026-06-24T01:32:44.102Z worker paused: low disk (880 MB free); flagged 0 request(s) for retry
2026-06-24T01:37:47.160Z worker paused: low disk (871 MB free); flagged 0 request(s) for retry
2026-06-24T01:42:50.548Z worker paused: low disk (870 MB free); flagged 0 request(s) for retry
2026-06-24T01:47:54.503Z worker paused: low disk (866 MB free); flagged 0 request(s) for retry
2026-06-24T01:52:58.046Z worker paused: low disk (817 MB free); flagged 0 request(s) for retry
2026-06-24T01:58:01.499Z worker paused: low disk (829 MB free); flagged 0 request(s) for retry
2026-06-24T02:03:08.190Z worker paused: low disk (818 MB free); flagged 0 request(s) for retry
2026-06-24T02:08:10.911Z worker paused: low disk (816 MB free); flagged 0 request(s) for retry
2026-06-24T02:13:14.271Z worker paused: low disk (810 MB free); flagged 0 request(s) for retry
2026-06-24T02:18:18.892Z worker paused: low disk (815 MB free); flagged 0 request(s) for retry
2026-06-24T02:23:22.382Z worker paused: low disk (816 MB free); flagged 0 request(s) for retry
2026-06-24T02:28:25.842Z worker paused: low disk (811 MB free); flagged 0 request(s) for retry
2026-06-24T02:33:29.304Z worker paused: low disk (804 MB free); flagged 0 request(s) for retry
2026-06-24T02:38:32.395Z worker paused: low disk (855 MB free); flagged 0 request(s) for retry
2026-06-24T02:43:36.207Z worker paused: low disk (848 MB free); flagged 0 request(s) for retry
2026-06-24T02:48:39.893Z worker paused: low disk (846 MB free); flagged 0 request(s) for retry
2026-06-24T02:53:43.951Z worker paused: low disk (844 MB free); flagged 0 request(s) for retry
2026-06-24T02:58:47.126Z worker paused: low disk (847 MB free); flagged 0 request(s) for retry
2026-06-24T03:03:51.211Z worker paused: low disk (806 MB free); flagged 0 request(s) for retry
2026-06-24T03:08:55.260Z worker paused: low disk (805 MB free); flagged 0 request(s) for retry
2026-06-24T03:13:58.356Z worker paused: low disk (801 MB free); flagged 0 request(s) for retry
2026-06-24T03:19:01.810Z worker paused: low disk (794 MB free); flagged 0 request(s) for retry
2026-06-24T03:24:07.707Z worker paused: low disk (791 MB free); flagged 0 request(s) for retry
2026-06-24T03:29:11.251Z worker paused: low disk (795 MB free); flagged 0 request(s) for retry
2026-06-24T03:34:14.543Z worker paused: low disk (779 MB free); flagged 0 request(s) for retry
2026-06-24T03:39:17.583Z worker paused: low disk (780 MB free); flagged 0 request(s) for retry
2026-06-24T03:44:20.783Z worker paused: low disk (826 MB free); flagged 0 request(s) for retry
2026-06-24T03:49:25.148Z worker paused: low disk (831 MB free); flagged 0 request(s) for retry
2026-06-24T03:54:28.923Z worker paused: low disk (839 MB free); flagged 0 request(s) for retry
2026-06-24T03:59:32.632Z worker paused: low disk (835 MB free); flagged 0 request(s) for retry
2026-06-24T04:04:49.398Z worker paused: low disk (782 MB free); flagged 0 request(s) for retry
2026-06-24T04:09:53.244Z worker paused: low disk (794 MB free); flagged 0 request(s) for retry
2026-06-24T04:14:57.261Z worker paused: low disk (797 MB free); flagged 0 request(s) for retry
2026-06-24T04:20:02.658Z worker paused: low disk (794 MB free); flagged 0 request(s) for retry
2026-06-24T04:25:13.434Z worker paused: low disk (848 MB free); flagged 0 request(s) for retry
2026-06-24T04:30:41.617Z worker paused: low disk (849 MB free); flagged 0 request(s) for retry
2026-06-24T04:35:44.853Z worker paused: low disk (856 MB free); flagged 0 request(s) for retry
2026-06-24T04:40:49.033Z worker paused: low disk (859 MB free); flagged 0 request(s) for retry
2026-06-24T04:45:58.923Z worker paused: low disk (859 MB free); flagged 0 request(s) for retry
2026-06-24T04:51:02.219Z worker paused: low disk (808 MB free); flagged 0 request(s) for retry
2026-06-24T04:56:09.924Z worker paused: low disk (804 MB free); flagged 0 request(s) for retry
2026-06-24T05:01:12.946Z worker paused: low disk (809 MB free); flagged 0 request(s) for retry
2026-06-24T05:06:16.350Z worker paused: low disk (806 MB free); flagged 0 request(s) for retry
2026-06-24T05:11:19.147Z worker paused: low disk (854 MB free); flagged 0 request(s) for retry
2026-06-24T05:16:22.756Z worker paused: low disk (849 MB free); flagged 0 request(s) for retry
2026-06-24T05:21:26.160Z worker paused: low disk (844 MB free); flagged 0 request(s) for retry
2026-06-24T05:26:42.859Z worker paused: low disk (844 MB free); flagged 0 request(s) for retry
2026-06-24T05:31:46.763Z worker paused: low disk (841 MB free); flagged 0 request(s) for retry
2026-06-24T05:36:51.380Z worker paused: low disk (795 MB free); flagged 0 request(s) for retry
2026-06-24T05:41:54.467Z worker paused: low disk (837 MB free); flagged 0 request(s) for retry
2026-06-24T05:46:58.232Z worker paused: low disk (807 MB free); flagged 0 request(s) for retry
2026-06-24T05:52:02.100Z worker paused: low disk (801 MB free); flagged 0 request(s) for retry
2026-06-24T05:57:06.156Z worker paused: low disk (800 MB free); flagged 0 request(s) for retry
2026-06-24T06:02:11.445Z worker paused: low disk (801 MB free); flagged 0 request(s) for retry
2026-06-24T06:07:13.891Z worker paused: low disk (809 MB free); flagged 0 request(s) for retry
2026-06-24T06:12:17.432Z worker paused: low disk (803 MB free); flagged 0 request(s) for retry
2026-06-24T06:17:24.208Z worker paused: low disk (800 MB free); flagged 0 request(s) for retry
2026-06-24T06:22:27.475Z worker paused: low disk (799 MB free); flagged 0 request(s) for retry
2026-06-24T06:27:30.950Z worker paused: low disk (796 MB free); flagged 0 request(s) for retry
2026-06-24T06:32:35.039Z worker paused: low disk (799 MB free); flagged 0 request(s) for retry
2026-06-24T06:37:38.518Z worker paused: low disk (792 MB free); flagged 0 request(s) for retry
2026-06-24T06:42:41.881Z worker paused: low disk (838 MB free); flagged 0 request(s) for retry
2026-06-24T06:47:46.236Z worker paused: low disk (848 MB free); flagged 0 request(s) for retry
2026-06-24T06:52:49.411Z worker paused: low disk (843 MB free); flagged 0 request(s) for retry
2026-06-24T06:57:52.215Z worker paused: low disk (843 MB free); flagged 0 request(s) for retry
2026-06-24T07:02:55.395Z worker paused: low disk (806 MB free); flagged 0 request(s) for retry
2026-06-24T07:08:01.966Z worker paused: low disk (800 MB free); flagged 0 request(s) for retry
2026-06-24T07:13:06.837Z worker paused: low disk (784 MB free); flagged 0 request(s) for retry
2026-06-24T07:18:11.156Z worker paused: low disk (783 MB free); flagged 0 request(s) for retry
2026-06-24T07:23:14.586Z worker paused: low disk (777 MB free); flagged 0 request(s) for retry
2026-06-24T07:28:17.808Z worker paused: low disk (783 MB free); flagged 0 request(s) for retry
2026-06-24T07:33:25.470Z worker paused: low disk (787 MB free); flagged 0 request(s) for retry
2026-06-24T07:38:28.714Z worker paused: low disk (786 MB free); flagged 0 request(s) for retry
2026-06-24T07:43:32.075Z worker paused: low disk (781 MB free); flagged 0 request(s) for retry
2026-06-24T07:48:35.120Z worker paused: low disk (826 MB free); flagged 0 request(s) for retry
2026-06-24T07:53:38.558Z worker paused: low disk (830 MB free); flagged 0 request(s) for retry
2026-06-24T07:58:42.640Z worker paused: low disk (828 MB free); flagged 0 request(s) for retry
2026-06-24T08:03:47.338Z worker paused: low disk (825 MB free); flagged 0 request(s) for retry
2026-06-24T08:08:50.014Z worker paused: low disk (821 MB free); flagged 0 request(s) for retry
2026-06-24T08:13:52.623Z worker paused: low disk (820 MB free); flagged 0 request(s) for retry
2026-06-24T08:18:55.789Z worker paused: low disk (801 MB free); flagged 0 request(s) for retry
2026-06-24T08:23:59.225Z worker paused: low disk (767 MB free); flagged 0 request(s) for retry
2026-06-24T08:29:02.535Z worker paused: low disk (775 MB free); flagged 0 request(s) for retry
2026-06-24T08:34:05.491Z worker paused: low disk (777 MB free); flagged 0 request(s) for retry
2026-06-24T08:39:09.768Z worker paused: low disk (787 MB free); flagged 0 request(s) for retry
2026-06-24T08:44:14.866Z worker paused: low disk (782 MB free); flagged 0 request(s) for retry
2026-06-24T08:49:17.370Z worker paused: low disk (781 MB free); flagged 0 request(s) for retry
2026-06-24T08:54:20.203Z worker paused: low disk (776 MB free); flagged 0 request(s) for retry
2026-06-24T08:59:23.936Z worker paused: low disk (820 MB free); flagged 0 request(s) for retry
2026-06-24T09:04:27.159Z worker paused: low disk (765 MB free); flagged 0 request(s) for retry
2026-06-24T09:09:30.464Z worker paused: low disk (772 MB free); flagged 0 request(s) for retry
2026-06-24T09:14:33.835Z worker paused: low disk (775 MB free); flagged 0 request(s) for retry
2026-06-24T09:19:39.623Z worker paused: low disk (769 MB free); flagged 0 request(s) for retry
2026-06-24T09:24:44.903Z worker paused: low disk (748 MB free); flagged 0 request(s) for retry
2026-06-24T09:29:59.356Z worker paused: low disk (741 MB free); flagged 0 request(s) for retry
2026-06-24T09:35:04.559Z worker paused: low disk (745 MB free); flagged 0 request(s) for retry
2026-06-24T09:40:08.246Z worker paused: low disk (741 MB free); flagged 0 request(s) for retry
2026-06-24T09:45:11.243Z worker paused: low disk (738 MB free); flagged 0 request(s) for retry
2026-06-24T09:50:14.414Z worker paused: low disk (739 MB free); flagged 0 request(s) for retry
2026-06-24T09:55:21.474Z worker paused: low disk (736 MB free); flagged 0 request(s) for retry
2026-06-24T10:00:24.687Z worker paused: low disk (734 MB free); flagged 0 request(s) for retry
2026-06-24T10:05:27.910Z worker paused: low disk (744 MB free); flagged 0 request(s) for retry
2026-06-24T10:10:34.050Z worker paused: low disk (786 MB free); flagged 0 request(s) for retry
2026-06-24T10:15:37.432Z worker paused: low disk (787 MB free); flagged 0 request(s) for retry
2026-06-24T10:20:40.048Z worker paused: low disk (785 MB free); flagged 0 request(s) for retry
2026-06-24T10:25:44.537Z worker paused: low disk (756 MB free); flagged 0 request(s) for retry
2026-06-24T10:30:48.537Z worker paused: low disk (743 MB free); flagged 0 request(s) for retry
2026-06-24T10:35:51.735Z worker paused: low disk (739 MB free); flagged 0 request(s) for retry
2026-06-24T10:40:55.642Z worker paused: low disk (733 MB free); flagged 0 request(s) for retry
2026-06-24T10:45:58.348Z worker paused: low disk (736 MB free); flagged 0 request(s) for retry
2026-06-24T10:51:02.346Z worker paused: low disk (736 MB free); flagged 0 request(s) for retry
2026-06-24T10:56:05.501Z worker paused: low disk (738 MB free); flagged 0 request(s) for retry
2026-06-24T11:01:08.296Z worker paused: low disk (734 MB free); flagged 0 request(s) for retry
2026-06-24T11:06:18.475Z worker paused: low disk (731 MB free); flagged 0 request(s) for retry
2026-06-24T11:11:22.401Z worker paused: low disk (775 MB free); flagged 0 request(s) for retry
2026-06-24T11:16:26.480Z worker paused: low disk (740 MB free); flagged 0 request(s) for retry
2026-06-24T11:21:29.553Z worker paused: low disk (729 MB free); flagged 0 request(s) for retry
2026-06-24T11:26:33.235Z worker paused: low disk (729 MB free); flagged 0 request(s) for retry
2026-06-24T11:31:37.502Z worker paused: low disk (727 MB free); flagged 0 request(s) for retry
2026-06-24T11:36:48.530Z worker paused: low disk (677 MB free); flagged 0 request(s) for retry
2026-06-24T11:42:19.171Z worker paused: low disk (663 MB free); flagged 0 request(s) for retry
2026-06-24T11:47:48.898Z worker paused: low disk (651 MB free); flagged 0 request(s) for retry
2026-06-24T11:53:19.343Z worker paused: low disk (650 MB free); flagged 0 request(s) for retry
2026-06-24T11:58:51.999Z worker paused: low disk (641 MB free); flagged 0 request(s) for retry
2026-06-24T12:04:23.156Z worker paused: low disk (633 MB free); flagged 0 request(s) for retry
2026-06-24T12:10:00.820Z worker paused: low disk (709 MB free); flagged 0 request(s) for retry
2026-06-24T12:15:37.412Z worker paused: low disk (633 MB free); flagged 0 request(s) for retry
2026-06-24T12:21:09.652Z worker paused: low disk (704 MB free); flagged 0 request(s) for retry
2026-06-24T12:26:45.212Z worker paused: low disk (703 MB free); flagged 0 request(s) for retry
2026-06-24T12:32:17.026Z worker paused: low disk (643 MB free); flagged 0 request(s) for retry
2026-06-24T12:37:50.489Z worker paused: low disk (664 MB free); flagged 0 request(s) for retry
poller error: fetch all failed: network error: fetch failed
poller error: fetch all failed: network error: fetch failed
poller error: fetch all failed: network error: fetch failed
poller error: fetch all failed: network error: fetch failed
poller error: fetch all failed: network error: fetch failed
poller error: fetch all failed: network error: fetch failed
poller error: fetch all failed: network error: fetch failed
poller error: fetch all failed: network error: fetch failed
poller error: fetch all failed: network error: fetch failed
poller error: fetch all failed: network error: fetch failed
poller error: fetch all failed: network error: fetch failed
poller error: fetch all failed: network error: fetch failed
poller error: fetch all failed: network error: fetch failed
poller error: fetch all failed: network error: fetch failed
poller error: fetch all failed: network error: fetch failed
poller error: fetch all failed: network error: fetch failed
poller error: fetch all failed: network error: fetch failed
poller error: fetch all failed: network error: fetch failed
2026-06-25T18:57:37.203Z worker paused: low disk (956 MB free); flagged 1 request(s) for retry
2026-06-25T19:07:45.737Z worker paused: low disk (1992 MB free); flagged 0 request(s) for retry
2026-06-25T19:12:52.273Z worker paused: low disk (1984 MB free); flagged 0 request(s) for retry
2026-06-25T19:18:03.306Z worker paused: low disk (937 MB free); flagged 0 request(s) for retry
2026-06-25T19:23:16.519Z worker paused: low disk (888 MB free); flagged 0 request(s) for retry
2026-06-25T19:28:31.435Z worker paused: low disk (840 MB free); flagged 0 request(s) for retry
2026-06-25T19:33:42.390Z worker paused: low disk (790 MB free); flagged 0 request(s) for retry
2026-06-25T19:39:01.407Z worker paused: low disk (746 MB free); flagged 0 request(s) for retry
2026-06-25T19:44:10.628Z worker paused: low disk (706 MB free); flagged 0 request(s) for retry
2026-06-25T19:49:31.525Z worker paused: low disk (359 MB free); flagged 0 request(s) for retry
2026-06-25T19:54:48.201Z worker paused: low disk (325 MB free); flagged 0 request(s) for retry
2026-06-25T20:00:01.366Z worker paused: low disk (289 MB free); flagged 0 request(s) for retry
2026-06-25T20:10:34.675Z worker paused: low disk (1200 MB free); flagged 0 request(s) for retry
2026-06-25T20:15:54.248Z worker paused: low disk (1160 MB free); flagged 0 request(s) for retry
2026-06-25T20:21:22.599Z worker paused: low disk (1114 MB free); flagged 0 request(s) for retry
2026-06-25T20:26:36.336Z worker paused: low disk (1042 MB free); flagged 0 request(s) for retry
2026-06-25T20:31:46.726Z worker paused: low disk (978 MB free); flagged 0 request(s) for retry
2026-06-25T20:36:53.252Z worker paused: low disk (165 MB free); flagged 0 request(s) for retry
2026-06-25T20:41:58.423Z worker paused: low disk (793 MB free); flagged 0 request(s) for retry
2026-06-25T20:47:15.415Z worker paused: low disk (628 MB free); flagged 0 request(s) for retry
2026-06-25T20:52:22.203Z worker paused: low disk (457 MB free); flagged 0 request(s) for retry
2026-06-25T20:57:26.700Z worker paused: low disk (313 MB free); flagged 0 request(s) for retry
2026-06-25T21:02:31.245Z worker paused: low disk (1013 MB free); flagged 0 request(s) for retry
2026-06-25T21:07:34.520Z worker paused: low disk (1007 MB free); flagged 0 request(s) for retry
2026-06-25T21:12:37.424Z worker paused: low disk (976 MB free); flagged 0 request(s) for retry
2026-06-25T21:17:40.441Z worker paused: low disk (964 MB free); flagged 0 request(s) for retry
2026-06-25T21:22:43.535Z worker paused: low disk (958 MB free); flagged 0 request(s) for retry
2026-06-25T21:27:46.675Z worker paused: low disk (1500 MB free); flagged 0 request(s) for retry
2026-06-25T21:32:49.980Z worker paused: low disk (1988 MB free); flagged 0 request(s) for retry
2026-06-25T21:37:52.545Z worker paused: low disk (1986 MB free); flagged 0 request(s) for retry
2026-06-25T21:42:56.476Z worker paused: low disk (1982 MB free); flagged 0 request(s) for retry
2026-06-25T21:47:59.528Z worker paused: low disk (1981 MB free); flagged 0 request(s) for retry
2026-06-25T21:53:07.092Z worker paused: low disk (1107 MB free); flagged 0 request(s) for retry
2026-06-25T21:58:13.886Z worker paused: low disk (1358 MB free); flagged 0 request(s) for retry
2026-06-26T13:04:27.176Z worker paused: low disk (1598 MB free); flagged 0 request(s) for retry
2026-06-26T13:09:31.488Z worker paused: low disk (1003 MB free); flagged 0 request(s) for retry
2026-06-26T13:14:35.013Z worker paused: low disk (264 MB free); flagged 0 request(s) for retry
2026-06-26T13:19:47.592Z worker paused: low disk (262 MB free); flagged 0 request(s) for retry
2026-06-26T13:24:51.285Z worker paused: low disk (268 MB free); flagged 0 request(s) for retry
2026-06-26T13:29:55.404Z worker paused: low disk (266 MB free); flagged 0 request(s) for retry
2026-06-26T13:34:59.275Z worker paused: low disk (232 MB free); flagged 0 request(s) for retry
2026-06-26T13:40:02.979Z worker paused: low disk (278 MB free); flagged 0 request(s) for retry
2026-06-26T13:45:06.720Z worker paused: low disk (271 MB free); flagged 0 request(s) for retry
2026-06-26T13:50:11.437Z worker paused: low disk (283 MB free); flagged 0 request(s) for retry
2026-06-26T13:55:14.509Z worker paused: low disk (283 MB free); flagged 0 request(s) for retry
2026-06-26T14:00:19.515Z worker paused: low disk (449 MB free); flagged 0 request(s) for retry
2026-06-26T19:35:52.418Z worker paused: low disk (1786 MB free); flagged 0 request(s) for retry
2026-06-26T19:40:56.437Z worker paused: low disk (1712 MB free); flagged 0 request(s) for retry
2026-06-26T19:46:01.517Z worker paused: low disk (1072 MB free); flagged 0 request(s) for retry
2026-06-26T19:51:04.633Z worker paused: low disk (1107 MB free); flagged 0 request(s) for retry
2026-06-26T19:56:08.868Z worker paused: low disk (458 MB free); flagged 0 request(s) for retry
2026-06-26T20:01:13.107Z worker paused: low disk (487 MB free); flagged 0 request(s) for retry
2026-06-26T20:06:17.100Z worker paused: low disk (486 MB free); flagged 0 request(s) for retry
2026-06-26T20:11:21.073Z worker paused: low disk (496 MB free); flagged 0 request(s) for retry
2026-06-26T20:16:25.288Z worker paused: low disk (488 MB free); flagged 0 request(s) for retry
2026-06-26T20:21:28.564Z worker paused: low disk (486 MB free); flagged 0 request(s) for retry
2026-06-26T20:26:31.565Z worker paused: low disk (479 MB free); flagged 0 request(s) for retry
2026-06-26T20:31:34.767Z worker paused: low disk (383 MB free); flagged 0 request(s) for retry
2026-06-26T20:36:38.138Z worker paused: low disk (377 MB free); flagged 0 request(s) for retry
2026-06-26T20:41:42.664Z worker paused: low disk (378 MB free); flagged 0 request(s) for retry
2026-06-26T20:46:46.865Z worker paused: low disk (374 MB free); flagged 0 request(s) for retry
2026-06-26T20:51:50.012Z worker paused: low disk (374 MB free); flagged 0 request(s) for retry
2026-06-26T20:56:52.819Z worker paused: low disk (360 MB free); flagged 0 request(s) for retry
2026-06-26T21:01:55.969Z worker paused: low disk (378 MB free); flagged 0 request(s) for retry
2026-06-26T21:06:58.829Z worker paused: low disk (371 MB free); flagged 0 request(s) for retry
2026-06-26T21:12:01.749Z worker paused: low disk (355 MB free); flagged 0 request(s) for retry
2026-06-26T21:17:05.146Z worker paused: low disk (351 MB free); flagged 0 request(s) for retry
2026-06-26T21:22:07.745Z worker paused: low disk (349 MB free); flagged 0 request(s) for retry
2026-06-26T21:27:10.496Z worker paused: low disk (345 MB free); flagged 0 request(s) for retry
2026-06-26T21:32:13.733Z worker paused: low disk (348 MB free); flagged 0 request(s) for retry
2026-06-26T21:37:16.567Z worker paused: low disk (357 MB free); flagged 0 request(s) for retry
2026-06-26T21:42:19.124Z worker paused: low disk (354 MB free); flagged 0 request(s) for retry
2026-06-26T21:47:22.914Z worker paused: low disk (348 MB free); flagged 0 request(s) for retry
2026-06-26T21:52:25.549Z worker paused: low disk (352 MB free); flagged 0 request(s) for retry
2026-06-26T21:57:29.033Z worker paused: low disk (350 MB free); flagged 0 request(s) for retry
2026-06-26T22:02:32.828Z worker paused: low disk (350 MB free); flagged 0 request(s) for retry
2026-06-26T22:07:35.848Z worker paused: low disk (348 MB free); flagged 0 request(s) for retry
2026-06-26T22:12:39.647Z worker paused: low disk (353 MB free); flagged 0 request(s) for retry
2026-06-26T22:17:42.602Z worker paused: low disk (352 MB free); flagged 0 request(s) for retry
2026-06-26T22:22:45.574Z worker paused: low disk (352 MB free); flagged 0 request(s) for retry
2026-06-26T22:27:48.369Z worker paused: low disk (353 MB free); flagged 0 request(s) for retry
2026-06-26T22:32:51.116Z worker paused: low disk (348 MB free); flagged 0 request(s) for retry
2026-06-26T22:37:55.121Z worker paused: low disk (348 MB free); flagged 0 request(s) for retry
2026-06-26T22:42:58.103Z worker paused: low disk (352 MB free); flagged 0 request(s) for retry
2026-06-26T22:48:00.726Z worker paused: low disk (355 MB free); flagged 0 request(s) for retry
2026-06-26T22:53:03.745Z worker paused: low disk (355 MB free); flagged 0 request(s) for retry
2026-06-26T22:58:06.447Z worker paused: low disk (353 MB free); flagged 0 request(s) for retry
2026-06-26T23:03:10.743Z worker paused: low disk (313 MB free); flagged 0 request(s) for retry
2026-06-26T23:08:13.781Z worker paused: low disk (291 MB free); flagged 0 request(s) for retry
2026-06-26T23:13:16.833Z worker paused: low disk (1667 MB free); flagged 0 request(s) for retry
2026-06-26T23:18:21.067Z worker paused: low disk (1573 MB free); flagged 0 request(s) for retry
2026-06-26T23:23:24.263Z worker paused: low disk (1463 MB free); flagged 0 request(s) for retry
2026-06-26T23:28:27.904Z worker paused: low disk (1398 MB free); flagged 0 request(s) for retry
2026-06-26T23:33:31.360Z worker paused: low disk (1383 MB free); flagged 0 request(s) for retry
2026-06-26T23:38:34.346Z worker paused: low disk (1247 MB free); flagged 0 request(s) for retry
2026-06-26T23:43:44.401Z worker paused: low disk (207 MB free); flagged 0 request(s) for retry
2026-06-26T23:48:48.323Z worker paused: low disk (702 MB free); flagged 0 request(s) for retry
2026-06-26T23:53:51.820Z worker paused: low disk (716 MB free); flagged 0 request(s) for retry
2026-06-26T23:58:56.526Z worker paused: low disk (229 MB free); flagged 0 request(s) for retry
2026-06-27T00:04:00.882Z worker paused: low disk (391 MB free); flagged 0 request(s) for retry
2026-06-27T00:09:04.210Z worker paused: low disk (370 MB free); flagged 0 request(s) for retry
2026-06-27T00:14:06.522Z worker paused: low disk (354 MB free); flagged 0 request(s) for retry
2026-06-27T00:19:09.211Z worker paused: low disk (344 MB free); flagged 0 request(s) for retry
2026-06-27T00:24:12.362Z worker paused: low disk (1370 MB free); flagged 0 request(s) for retry
2026-06-27T00:29:15.055Z worker paused: low disk (1384 MB free); flagged 0 request(s) for retry
2026-06-27T00:34:19.002Z worker paused: low disk (1382 MB free); flagged 0 request(s) for retry
2026-06-27T00:39:22.398Z worker paused: low disk (1370 MB free); flagged 0 request(s) for retry
2026-06-27T00:44:25.331Z worker paused: low disk (1372 MB free); flagged 0 request(s) for retry
2026-06-27T00:49:28.650Z worker paused: low disk (1373 MB free); flagged 0 request(s) for retry
2026-06-27T00:54:31.904Z worker paused: low disk (1377 MB free); flagged 0 request(s) for retry
2026-06-27T00:59:35.100Z worker paused: low disk (1372 MB free); flagged 0 request(s) for retry
2026-06-27T01:04:37.568Z worker paused: low disk (1372 MB free); flagged 0 request(s) for retry
2026-06-27T01:09:40.506Z worker paused: low disk (1376 MB free); flagged 0 request(s) for retry
2026-06-27T01:14:43.196Z worker paused: low disk (1371 MB free); flagged 0 request(s) for retry
2026-06-27T01:19:45.681Z worker paused: low disk (1370 MB free); flagged 0 request(s) for retry
2026-06-27T01:24:51.384Z worker paused: low disk (1369 MB free); flagged 0 request(s) for retry
2026-06-27T01:29:54.043Z worker paused: low disk (1532 MB free); flagged 0 request(s) for retry
2026-06-27T01:34:57.388Z worker paused: low disk (1529 MB free); flagged 0 request(s) for retry
2026-06-27T01:40:00.485Z worker paused: low disk (1518 MB free); flagged 0 request(s) for retry
2026-06-27T01:45:03.495Z worker paused: low disk (1519 MB free); flagged 0 request(s) for retry
2026-06-27T01:50:07.206Z worker paused: low disk (1527 MB free); flagged 0 request(s) for retry
2026-06-27T01:55:10.214Z worker paused: low disk (1523 MB free); flagged 0 request(s) for retry
2026-06-27T02:00:13.435Z worker paused: low disk (2037 MB free); flagged 0 request(s) for retry
2026-06-27T02:05:17.024Z worker paused: low disk (2047 MB free); flagged 0 request(s) for retry
2026-06-27T02:10:19.721Z worker paused: low disk (2020 MB free); flagged 0 request(s) for retry
2026-06-27T02:15:22.920Z worker paused: low disk (2019 MB free); flagged 0 request(s) for retry
2026-06-27T02:20:26.946Z worker paused: low disk (2011 MB free); flagged 0 request(s) for retry
2026-06-27T02:25:30.395Z worker paused: low disk (1929 MB free); flagged 0 request(s) for retry
2026-06-27T02:30:34.820Z worker paused: low disk (1924 MB free); flagged 0 request(s) for retry
2026-06-27T02:35:37.814Z worker paused: low disk (1927 MB free); flagged 0 request(s) for retry
2026-06-27T02:40:41.782Z worker paused: low disk (1923 MB free); flagged 0 request(s) for retry
2026-06-27T02:45:45.518Z worker paused: low disk (1921 MB free); flagged 0 request(s) for retry
2026-06-27T02:50:48.911Z worker paused: low disk (1917 MB free); flagged 0 request(s) for retry
2026-06-27T02:55:52.110Z worker paused: low disk (1895 MB free); flagged 0 request(s) for retry
2026-06-27T03:26:10.978Z worker paused: low disk (1802 MB free); flagged 0 request(s) for retry
2026-06-27T03:31:14.479Z worker paused: low disk (1925 MB free); flagged 0 request(s) for retry
2026-06-27T03:36:17.187Z worker paused: low disk (1923 MB free); flagged 0 request(s) for retry
2026-06-27T03:41:19.932Z worker paused: low disk (1926 MB free); flagged 0 request(s) for retry
2026-06-27T03:46:26.742Z worker paused: low disk (1908 MB free); flagged 0 request(s) for retry
2026-06-27T03:51:29.856Z worker paused: low disk (1904 MB free); flagged 0 request(s) for retry
2026-06-27T03:56:37.167Z worker paused: low disk (1900 MB free); flagged 0 request(s) for retry
2026-06-27T04:01:40.109Z worker paused: low disk (1895 MB free); flagged 0 request(s) for retry
2026-06-27T17:10:59.983Z worker paused: low disk (2016 MB free); flagged 0 request(s) for retry
2026-06-27T17:31:26.514Z worker paused: low disk (1992 MB free); flagged 0 request(s) for retry
2026-06-27T17:36:29.414Z worker paused: low disk (2011 MB free); flagged 0 request(s) for retry
2026-06-27T17:41:32.341Z worker paused: low disk (1765 MB free); flagged 0 request(s) for retry
2026-06-27T17:46:35.242Z worker paused: low disk (805 MB free); flagged 0 request(s) for retry
2026-06-27T17:51:40.345Z worker paused: low disk (1824 MB free); flagged 0 request(s) for retry
2026-06-27T17:56:43.109Z worker paused: low disk (1822 MB free); flagged 0 request(s) for retry
2026-06-27T18:01:47.309Z worker paused: low disk (1817 MB free); flagged 0 request(s) for retry
2026-06-27T18:06:50.988Z worker paused: low disk (1753 MB free); flagged 0 request(s) for retry
2026-06-27T18:11:53.881Z worker paused: low disk (1794 MB free); flagged 0 request(s) for retry
2026-06-27T18:16:56.745Z worker paused: low disk (1825 MB free); flagged 0 request(s) for retry
2026-06-27T18:22:03.345Z worker paused: low disk (1648 MB free); flagged 0 request(s) for retry
poller error: fetch all failed: network error: fetch failed
poller error: fetch all failed: network error: fetch failed
poller error: fetch all failed: network error: fetch failed
poller error: fetch all failed: network error: fetch failed
poller error: fetch all failed: network error: fetch failed
poller error: fetch all failed: network error: fetch failed
poller error: fetch all failed: network error: fetch failed
poller error: fetch all failed: network error: fetch failed
poller error: fetch all failed: network error: fetch failed
poller error: fetch all failed: network error: fetch failed
poller error: fetch all failed: network error: fetch failed
poller error: fetch all failed: network error: fetch failed
poller error: fetch all failed: network error: fetch failed
poller error: fetch all failed: network error: fetch failed
poller error: fetch all failed: network error: fetch failed
poller error: fetch all failed: network error: fetch failed
poller error: fetch all failed: network error: fetch failed
poller error: fetch all failed: network error: fetch failed
poller error: fetch all failed: network error: fetch failed
poller error: fetch all failed: network error: fetch failed
poller error: fetch all failed: network error: fetch failed
poller error: fetch all failed: network error: fetch failed
poller error: fetch all failed: bad json
poller error: fetch all failed: network error: fetch failed
poller error: fetch all failed: network error: fetch failed
2026-07-01T12:35:55.258Z worker idle: very low disk (446 MB free); queue left untouched, resumes automatically once space frees
2026-07-01T12:40:55.813Z worker idle: very low disk (451 MB free); queue left untouched, resumes automatically once space frees
2026-07-01T12:45:56.147Z worker idle: very low disk (418 MB free); queue left untouched, resumes automatically once space frees
2026-07-01T12:50:56.451Z worker idle: very low disk (413 MB free); queue left untouched, resumes automatically once space frees
2026-07-01T12:55:56.946Z worker idle: very low disk (463 MB free); queue left untouched, resumes automatically once space frees
2026-07-01T13:00:57.306Z worker idle: very low disk (459 MB free); queue left untouched, resumes automatically once space frees
2026-07-01T13:05:57.777Z worker idle: very low disk (459 MB free); queue left untouched, resumes automatically once space frees
2026-07-01T13:10:58.101Z worker idle: very low disk (457 MB free); queue left untouched, resumes automatically once space frees
2026-07-01T13:15:58.503Z worker idle: very low disk (407 MB free); queue left untouched, resumes automatically once space frees
2026-07-01T13:20:58.865Z worker idle: very low disk (416 MB free); queue left untouched, resumes automatically once space frees
2026-07-01T13:25:59.905Z worker idle: very low disk (409 MB free); queue left untouched, resumes automatically once space frees
2026-07-01T13:31:00.240Z worker idle: very low disk (410 MB free); queue left untouched, resumes automatically once space frees
poller error: fetch all failed: network error: fetch failed
poller error: fetch all failed: network error: fetch failed
poller error: fetch all failed: network error: fetch failed
poller error: fetch all failed: network error: fetch failed
poller error: fetch all failed: network error: fetch failed
poller error: fetch all failed: network error: fetch failed
poller error: fetch all failed: network error: fetch failed
